<?xml version="1.0" encoding="UTF-8"?>
<testng-results ignored="3" total="4" passed="1" failed="0" skipped="0">
  <reporter-output>
  </reporter-output>
  <suite started-at="2025-07-16T07:15:10 IST" name="Default suite" finished-at="2025-07-16T07:15:14 IST" duration-ms="4095">
    <groups>
    </groups>
    <test started-at="2025-07-16T07:15:10 IST" name="Default test" finished-at="2025-07-16T07:15:14 IST" duration-ms="4095">
      <class name="testScript.LoginTest">
        <test-method is-config="true" signature="initializeBrowser()[pri:0, instance:testScript.LoginTest@188715b5]" started-at="2025-07-16T07:15:10 IST" name="initializeBrowser" finished-at="2025-07-16T07:15:13 IST" duration-ms="2672" status="PASS">
          <reporter-output>
          </reporter-output>
        </test-method> <!-- initializeBrowser -->
        <test-method signature="verifyWhetherUserIsAbleToLoginWithValidCredential()[pri:0, instance:testScript.LoginTest@188715b5]" started-at="2025-07-16T07:15:13 IST" name="verifyWhetherUserIsAbleToLoginWithValidCredential" finished-at="2025-07-16T07:15:14 IST" duration-ms="1376" status="PASS">
          <reporter-output>
          </reporter-output>
        </test-method> <!-- verifyWhetherUserIsAbleToLoginWithValidCredential -->
        <test-method is-config="true" signature="browserCloseandquit()[pri:0, instance:testScript.LoginTest@188715b5]" started-at="2025-07-16T07:15:14 IST" name="browserCloseandquit" finished-at="2025-07-16T07:15:14 IST" duration-ms="1" status="PASS">
          <reporter-output>
          </reporter-output>
        </test-method> <!-- browserCloseandquit -->
      </class> <!-- testScript.LoginTest -->
    </test> <!-- Default test -->
  </suite> <!-- Default suite -->
</testng-results>
