<?xml version="1.0" encoding="UTF-8"?>
<!-- Generated by org.testng.reporters.JUnitXMLReporter -->
<testsuite ignored="3" hostname="DESKTOP-AIU030I" failures="0" tests="1" name="Default test" time="4.095" errors="0" timestamp="2025-07-16T07:15:14 IST">
  <testcase classname="testScript.LoginTest" name="verifyWhetherUserIsAbleToLoginWithValidCredential" time="1.376"/>
  <testcase classname="testScript.LoginTest" name="verifyWhetherUserIsAbleToLoginWithInvalidCredential" time="0.0">
    <ignored/>
  </testcase> <!-- verifyWhetherUserIsAbleToLoginWithInvalidCredential -->
  <testcase classname="testScript.LoginTest" name="verifyWhetherUserIsAbleToLoginWithValidUsernameAndInvalidPassword" time="0.0">
    <ignored/>
  </testcase> <!-- verifyWhetherUserIsAbleToLoginWithValidUsernameAndInvalidPassword -->
  <testcase classname="testScript.LoginTest" name="verifyWhetherUserIsAbleToLoginWithInvalidUsernameAndValidPassword" time="0.0">
    <ignored/>
  </testcase> <!-- verifyWhetherUserIsAbleToLoginWithInvalidUsernameAndValidPassword -->
</testsuite> <!-- Default test -->
